2017-08-16 14:35:40 - PHP Notice:  Undefined index: href in D:\OpenServer\domains\busina.ru\catalog\view\theme\busina\template\module\busina.tpl on line 55
2017-08-16 14:35:40 - PHP Notice:  Undefined index: image in D:\OpenServer\domains\busina.ru\catalog\view\theme\busina\template\module\busina.tpl on line 56
2017-08-16 14:35:40 - PHP Notice:  Undefined index: name in D:\OpenServer\domains\busina.ru\catalog\view\theme\busina\template\module\busina.tpl on line 57
2017-08-16 14:37:04 - PHP Notice:  Undefined index: href in D:\OpenServer\domains\busina.ru\catalog\view\theme\busina\template\module\busina.tpl on line 56
2017-08-16 14:37:04 - PHP Notice:  Undefined index: image in D:\OpenServer\domains\busina.ru\catalog\view\theme\busina\template\module\busina.tpl on line 57
2017-08-16 14:37:04 - PHP Notice:  Undefined index: name in D:\OpenServer\domains\busina.ru\catalog\view\theme\busina\template\module\busina.tpl on line 58
2017-08-16 14:37:45 - PHP Notice:  Undefined index: href in D:\OpenServer\domains\busina.ru\catalog\view\theme\busina\template\module\busina.tpl on line 56
2017-08-16 14:37:45 - PHP Notice:  Undefined index: image in D:\OpenServer\domains\busina.ru\catalog\view\theme\busina\template\module\busina.tpl on line 57
2017-08-16 14:37:45 - PHP Notice:  Undefined index: name in D:\OpenServer\domains\busina.ru\catalog\view\theme\busina\template\module\busina.tpl on line 58
2017-08-16 14:38:36 - PHP Notice:  Undefined index: href in D:\OpenServer\domains\busina.ru\catalog\view\theme\busina\template\module\busina.tpl on line 56
2017-08-16 14:38:36 - PHP Notice:  Undefined index: image in D:\OpenServer\domains\busina.ru\catalog\view\theme\busina\template\module\busina.tpl on line 57
2017-08-16 14:38:36 - PHP Notice:  Undefined index: name in D:\OpenServer\domains\busina.ru\catalog\view\theme\busina\template\module\busina.tpl on line 58
2017-08-16 14:39:51 - PHP Notice:  Undefined index: href in D:\OpenServer\domains\busina.ru\catalog\view\theme\busina\template\module\busina.tpl on line 56
2017-08-16 14:39:51 - PHP Notice:  Undefined index: image in D:\OpenServer\domains\busina.ru\catalog\view\theme\busina\template\module\busina.tpl on line 57
2017-08-16 14:39:51 - PHP Notice:  Undefined index: cat_name in D:\OpenServer\domains\busina.ru\catalog\view\theme\busina\template\module\busina.tpl on line 58
2017-08-16 14:39:51 - PHP Notice:  Undefined index: href in D:\OpenServer\domains\busina.ru\catalog\view\theme\busina\template\module\busina.tpl on line 56
2017-08-16 14:39:51 - PHP Notice:  Undefined index: image in D:\OpenServer\domains\busina.ru\catalog\view\theme\busina\template\module\busina.tpl on line 57
2017-08-16 14:39:51 - PHP Notice:  Undefined index: href in D:\OpenServer\domains\busina.ru\catalog\view\theme\busina\template\module\busina.tpl on line 56
2017-08-16 14:39:51 - PHP Notice:  Undefined index: image in D:\OpenServer\domains\busina.ru\catalog\view\theme\busina\template\module\busina.tpl on line 57
2017-08-16 14:39:51 - PHP Notice:  Undefined index: href in D:\OpenServer\domains\busina.ru\catalog\view\theme\busina\template\module\busina.tpl on line 56
2017-08-16 14:39:51 - PHP Notice:  Undefined index: image in D:\OpenServer\domains\busina.ru\catalog\view\theme\busina\template\module\busina.tpl on line 57
2017-08-16 14:39:51 - PHP Notice:  Undefined index: href in D:\OpenServer\domains\busina.ru\catalog\view\theme\busina\template\module\busina.tpl on line 56
2017-08-16 14:39:51 - PHP Notice:  Undefined index: image in D:\OpenServer\domains\busina.ru\catalog\view\theme\busina\template\module\busina.tpl on line 57
2017-08-16 14:39:51 - PHP Notice:  Undefined index: href in D:\OpenServer\domains\busina.ru\catalog\view\theme\busina\template\module\busina.tpl on line 56
2017-08-16 14:39:51 - PHP Notice:  Undefined index: image in D:\OpenServer\domains\busina.ru\catalog\view\theme\busina\template\module\busina.tpl on line 57
2017-08-16 14:39:51 - PHP Notice:  Undefined index: href in D:\OpenServer\domains\busina.ru\catalog\view\theme\busina\template\module\busina.tpl on line 56
2017-08-16 14:39:51 - PHP Notice:  Undefined index: image in D:\OpenServer\domains\busina.ru\catalog\view\theme\busina\template\module\busina.tpl on line 57
2017-08-16 14:39:51 - PHP Notice:  Undefined index: href in D:\OpenServer\domains\busina.ru\catalog\view\theme\busina\template\module\busina.tpl on line 56
2017-08-16 14:39:51 - PHP Notice:  Undefined index: image in D:\OpenServer\domains\busina.ru\catalog\view\theme\busina\template\module\busina.tpl on line 57
2017-08-16 14:39:51 - PHP Notice:  Undefined index: href in D:\OpenServer\domains\busina.ru\catalog\view\theme\busina\template\module\busina.tpl on line 56
2017-08-16 14:39:51 - PHP Notice:  Undefined index: image in D:\OpenServer\domains\busina.ru\catalog\view\theme\busina\template\module\busina.tpl on line 57
2017-08-16 14:40:17 - PHP Notice:  Undefined index: cat_href in D:\OpenServer\domains\busina.ru\catalog\view\theme\busina\template\module\busina.tpl on line 55
2017-08-16 14:40:17 - PHP Notice:  Undefined index: cat_image in D:\OpenServer\domains\busina.ru\catalog\view\theme\busina\template\module\busina.tpl on line 56
2017-08-16 14:40:17 - PHP Notice:  Undefined index: cat_name in D:\OpenServer\domains\busina.ru\catalog\view\theme\busina\template\module\busina.tpl on line 57
2017-08-16 14:41:11 - PHP Notice:  Undefined index: cat_href in D:\OpenServer\domains\busina.ru\catalog\view\theme\busina\template\module\busina.tpl on line 55
2017-08-16 14:41:11 - PHP Notice:  Undefined index: cat_image in D:\OpenServer\domains\busina.ru\catalog\view\theme\busina\template\module\busina.tpl on line 56
2017-08-16 14:41:11 - PHP Notice:  Undefined index: cat_name in D:\OpenServer\domains\busina.ru\catalog\view\theme\busina\template\module\busina.tpl on line 57
2017-08-16 14:41:35 - PHP Notice:  Undefined index: cat_href in D:\OpenServer\domains\busina.ru\catalog\view\theme\busina\template\module\busina.tpl on line 55
2017-08-16 14:41:35 - PHP Notice:  Undefined index: cat_image in D:\OpenServer\domains\busina.ru\catalog\view\theme\busina\template\module\busina.tpl on line 56
2017-08-16 14:41:35 - PHP Notice:  Undefined index: cat_name in D:\OpenServer\domains\busina.ru\catalog\view\theme\busina\template\module\busina.tpl on line 57
2017-08-16 14:42:24 - PHP Notice:  Undefined index: cat_href in D:\OpenServer\domains\busina.ru\catalog\view\theme\busina\template\module\busina.tpl on line 55
2017-08-16 14:42:24 - PHP Notice:  Undefined index: cat_image in D:\OpenServer\domains\busina.ru\catalog\view\theme\busina\template\module\busina.tpl on line 56
2017-08-16 14:42:24 - PHP Notice:  Undefined index: cat_name in D:\OpenServer\domains\busina.ru\catalog\view\theme\busina\template\module\busina.tpl on line 57
2017-08-16 14:42:58 - PHP Notice:  Undefined index: cat_name in D:\OpenServer\domains\busina.ru\catalog\view\theme\busina\template\module\busina.tpl on line 57
2017-08-16 14:43:32 - PHP Notice:  Undefined index: cat_href in D:\OpenServer\domains\busina.ru\catalog\view\theme\busina\template\module\busina.tpl on line 56
2017-08-16 14:43:32 - PHP Notice:  Undefined index: cat_image in D:\OpenServer\domains\busina.ru\catalog\view\theme\busina\template\module\busina.tpl on line 57
2017-08-16 14:43:32 - PHP Notice:  Undefined index: cat_name in D:\OpenServer\domains\busina.ru\catalog\view\theme\busina\template\module\busina.tpl on line 58
2017-08-16 14:43:43 - PHP Notice:  Undefined index: cat_href in D:\OpenServer\domains\busina.ru\catalog\view\theme\busina\template\module\busina.tpl on line 56
2017-08-16 14:43:43 - PHP Notice:  Undefined index: cat_image in D:\OpenServer\domains\busina.ru\catalog\view\theme\busina\template\module\busina.tpl on line 57
2017-08-16 14:43:43 - PHP Notice:  Undefined index: cat_name in D:\OpenServer\domains\busina.ru\catalog\view\theme\busina\template\module\busina.tpl on line 58
2017-08-16 14:44:09 - PHP Notice:  Undefined index: cat_href in D:\OpenServer\domains\busina.ru\catalog\view\theme\busina\template\module\busina.tpl on line 56
2017-08-16 14:44:09 - PHP Notice:  Undefined index: cat_image in D:\OpenServer\domains\busina.ru\catalog\view\theme\busina\template\module\busina.tpl on line 57
2017-08-16 14:44:09 - PHP Notice:  Undefined index: cat_name in D:\OpenServer\domains\busina.ru\catalog\view\theme\busina\template\module\busina.tpl on line 58
2017-08-16 14:44:17 - PHP Notice:  Undefined index: cat_href in D:\OpenServer\domains\busina.ru\catalog\view\theme\busina\template\module\busina.tpl on line 56
2017-08-16 14:44:17 - PHP Notice:  Undefined index: cat_image in D:\OpenServer\domains\busina.ru\catalog\view\theme\busina\template\module\busina.tpl on line 57
2017-08-16 14:44:17 - PHP Notice:  Undefined index: cat_name in D:\OpenServer\domains\busina.ru\catalog\view\theme\busina\template\module\busina.tpl on line 58
2017-08-16 14:44:25 - PHP Notice:  Undefined index: cat_href in D:\OpenServer\domains\busina.ru\catalog\view\theme\busina\template\module\busina.tpl on line 56
2017-08-16 14:44:25 - PHP Notice:  Undefined index: cat_image in D:\OpenServer\domains\busina.ru\catalog\view\theme\busina\template\module\busina.tpl on line 57
2017-08-16 14:44:25 - PHP Notice:  Undefined index: cat_name in D:\OpenServer\domains\busina.ru\catalog\view\theme\busina\template\module\busina.tpl on line 58
2017-08-16 14:44:41 - PHP Notice:  Undefined index: cat_href in D:\OpenServer\domains\busina.ru\catalog\view\theme\busina\template\module\busina.tpl on line 56
2017-08-16 14:44:41 - PHP Notice:  Undefined index: cat_image in D:\OpenServer\domains\busina.ru\catalog\view\theme\busina\template\module\busina.tpl on line 57
2017-08-16 14:44:41 - PHP Notice:  Undefined index: cat_name in D:\OpenServer\domains\busina.ru\catalog\view\theme\busina\template\module\busina.tpl on line 58
2017-08-16 14:44:55 - PHP Notice:  Undefined index: cat_href in D:\OpenServer\domains\busina.ru\catalog\view\theme\busina\template\module\busina.tpl on line 56
2017-08-16 14:44:55 - PHP Notice:  Undefined index: cat_image in D:\OpenServer\domains\busina.ru\catalog\view\theme\busina\template\module\busina.tpl on line 57
2017-08-16 14:44:55 - PHP Notice:  Undefined index: cat_name in D:\OpenServer\domains\busina.ru\catalog\view\theme\busina\template\module\busina.tpl on line 58
2017-08-16 14:45:17 - PHP Notice:  Undefined index: cat_href in D:\OpenServer\domains\busina.ru\catalog\view\theme\busina\template\module\busina.tpl on line 56
2017-08-16 14:45:17 - PHP Notice:  Undefined index: cat_image in D:\OpenServer\domains\busina.ru\catalog\view\theme\busina\template\module\busina.tpl on line 57
2017-08-16 14:45:17 - PHP Notice:  Undefined index: cat_name in D:\OpenServer\domains\busina.ru\catalog\view\theme\busina\template\module\busina.tpl on line 58
2017-08-16 14:45:30 - PHP Notice:  Undefined variable: category in D:\OpenServer\domains\busina.ru\catalog\controller\module\busina.php on line 95
2017-08-16 14:45:30 - PHP Notice:  Undefined variable: category in D:\OpenServer\domains\busina.ru\catalog\controller\module\busina.php on line 95
2017-08-16 14:45:30 - PHP Notice:  Undefined variable: category in D:\OpenServer\domains\busina.ru\catalog\controller\module\busina.php on line 95
2017-08-16 14:45:30 - PHP Notice:  Undefined index: cat_href in D:\OpenServer\domains\busina.ru\catalog\view\theme\busina\template\module\busina.tpl on line 56
2017-08-16 14:45:30 - PHP Notice:  Undefined index: cat_image in D:\OpenServer\domains\busina.ru\catalog\view\theme\busina\template\module\busina.tpl on line 57
2017-08-16 14:45:30 - PHP Notice:  Undefined index: cat_name in D:\OpenServer\domains\busina.ru\catalog\view\theme\busina\template\module\busina.tpl on line 58
2017-08-16 14:46:19 - PHP Notice:  Undefined variable: category in D:\OpenServer\domains\busina.ru\catalog\controller\module\busina.php on line 94
2017-08-16 14:46:19 - PHP Notice:  Undefined variable: category in D:\OpenServer\domains\busina.ru\catalog\controller\module\busina.php on line 94
2017-08-16 14:46:19 - PHP Notice:  Undefined variable: category in D:\OpenServer\domains\busina.ru\catalog\controller\module\busina.php on line 94
2017-08-16 14:46:19 - PHP Notice:  Undefined index: cat_href in D:\OpenServer\domains\busina.ru\catalog\view\theme\busina\template\module\busina.tpl on line 56
2017-08-16 14:46:19 - PHP Notice:  Undefined index: cat_image in D:\OpenServer\domains\busina.ru\catalog\view\theme\busina\template\module\busina.tpl on line 57
2017-08-16 14:46:19 - PHP Notice:  Undefined index: cat_name in D:\OpenServer\domains\busina.ru\catalog\view\theme\busina\template\module\busina.tpl on line 58
2017-08-16 14:46:47 - PHP Notice:  Undefined index: cat_href in D:\OpenServer\domains\busina.ru\catalog\view\theme\busina\template\module\busina.tpl on line 56
2017-08-16 14:46:47 - PHP Notice:  Undefined index: cat_image in D:\OpenServer\domains\busina.ru\catalog\view\theme\busina\template\module\busina.tpl on line 57
2017-08-16 14:46:47 - PHP Notice:  Undefined index: cat_name in D:\OpenServer\domains\busina.ru\catalog\view\theme\busina\template\module\busina.tpl on line 58
2017-08-16 14:47:12 - PHP Notice:  Undefined index: cat_href in D:\OpenServer\domains\busina.ru\catalog\view\theme\busina\template\module\busina.tpl on line 56
2017-08-16 14:47:12 - PHP Notice:  Undefined index: cat_image in D:\OpenServer\domains\busina.ru\catalog\view\theme\busina\template\module\busina.tpl on line 57
2017-08-16 14:47:12 - PHP Notice:  Undefined index: cat_name in D:\OpenServer\domains\busina.ru\catalog\view\theme\busina\template\module\busina.tpl on line 58
2017-08-16 14:47:56 - PHP Notice:  Undefined index: cat_href in D:\OpenServer\domains\busina.ru\catalog\view\theme\busina\template\module\busina.tpl on line 56
2017-08-16 14:47:56 - PHP Notice:  Undefined index: cat_image in D:\OpenServer\domains\busina.ru\catalog\view\theme\busina\template\module\busina.tpl on line 57
2017-08-16 14:47:56 - PHP Notice:  Undefined index: cat_name in D:\OpenServer\domains\busina.ru\catalog\view\theme\busina\template\module\busina.tpl on line 58
2017-08-16 14:48:08 - PHP Notice:  Undefined index: cat_href in D:\OpenServer\domains\busina.ru\catalog\view\theme\busina\template\module\busina.tpl on line 56
2017-08-16 14:48:08 - PHP Notice:  Undefined index: cat_image in D:\OpenServer\domains\busina.ru\catalog\view\theme\busina\template\module\busina.tpl on line 57
2017-08-16 14:48:08 - PHP Notice:  Undefined index: cat_name in D:\OpenServer\domains\busina.ru\catalog\view\theme\busina\template\module\busina.tpl on line 58
2017-08-16 14:48:35 - PHP Notice:  Undefined index: cat_href in D:\OpenServer\domains\busina.ru\catalog\view\theme\busina\template\module\busina.tpl on line 56
2017-08-16 14:48:35 - PHP Notice:  Undefined index: cat_image in D:\OpenServer\domains\busina.ru\catalog\view\theme\busina\template\module\busina.tpl on line 57
2017-08-16 14:48:35 - PHP Notice:  Undefined index: cat_name in D:\OpenServer\domains\busina.ru\catalog\view\theme\busina\template\module\busina.tpl on line 58
2017-08-16 14:49:57 - PHP Notice:  Undefined index: cat_href in D:\OpenServer\domains\busina.ru\catalog\view\theme\busina\template\module\busina.tpl on line 56
2017-08-16 14:49:57 - PHP Notice:  Undefined index: cat_image in D:\OpenServer\domains\busina.ru\catalog\view\theme\busina\template\module\busina.tpl on line 57
2017-08-16 14:49:57 - PHP Notice:  Undefined index: cat_name in D:\OpenServer\domains\busina.ru\catalog\view\theme\busina\template\module\busina.tpl on line 58
2017-08-16 14:49:57 - PHP Notice:  Undefined index: cat_href in D:\OpenServer\domains\busina.ru\catalog\view\theme\busina\template\module\busina.tpl on line 56
2017-08-16 14:49:57 - PHP Notice:  Undefined index: cat_image in D:\OpenServer\domains\busina.ru\catalog\view\theme\busina\template\module\busina.tpl on line 57
2017-08-16 14:49:57 - PHP Notice:  Undefined index: cat_name in D:\OpenServer\domains\busina.ru\catalog\view\theme\busina\template\module\busina.tpl on line 58
2017-08-16 14:49:57 - PHP Notice:  Undefined index: cat_href in D:\OpenServer\domains\busina.ru\catalog\view\theme\busina\template\module\busina.tpl on line 56
2017-08-16 14:49:57 - PHP Notice:  Undefined index: cat_image in D:\OpenServer\domains\busina.ru\catalog\view\theme\busina\template\module\busina.tpl on line 57
2017-08-16 14:49:57 - PHP Notice:  Undefined index: cat_name in D:\OpenServer\domains\busina.ru\catalog\view\theme\busina\template\module\busina.tpl on line 58
2017-08-16 14:49:57 - PHP Notice:  Undefined index: cat_href in D:\OpenServer\domains\busina.ru\catalog\view\theme\busina\template\module\busina.tpl on line 56
2017-08-16 14:49:57 - PHP Notice:  Undefined index: cat_image in D:\OpenServer\domains\busina.ru\catalog\view\theme\busina\template\module\busina.tpl on line 57
2017-08-16 14:49:57 - PHP Notice:  Undefined index: cat_name in D:\OpenServer\domains\busina.ru\catalog\view\theme\busina\template\module\busina.tpl on line 58
2017-08-16 14:50:27 - PHP Notice:  Undefined index: cat_href in D:\OpenServer\domains\busina.ru\catalog\view\theme\busina\template\module\busina.tpl on line 56
2017-08-16 14:50:27 - PHP Notice:  Undefined index: image in D:\OpenServer\domains\busina.ru\catalog\view\theme\busina\template\module\busina.tpl on line 57
2017-08-16 14:50:27 - PHP Notice:  Undefined index: cat_name in D:\OpenServer\domains\busina.ru\catalog\view\theme\busina\template\module\busina.tpl on line 58
2017-08-16 14:50:27 - PHP Notice:  Undefined index: cat_href in D:\OpenServer\domains\busina.ru\catalog\view\theme\busina\template\module\busina.tpl on line 56
2017-08-16 14:50:27 - PHP Notice:  Undefined index: cat_name in D:\OpenServer\domains\busina.ru\catalog\view\theme\busina\template\module\busina.tpl on line 58
2017-08-16 14:50:27 - PHP Notice:  Undefined index: cat_href in D:\OpenServer\domains\busina.ru\catalog\view\theme\busina\template\module\busina.tpl on line 56
2017-08-16 14:50:27 - PHP Notice:  Undefined index: cat_name in D:\OpenServer\domains\busina.ru\catalog\view\theme\busina\template\module\busina.tpl on line 58
2017-08-16 14:50:27 - PHP Notice:  Undefined index: cat_href in D:\OpenServer\domains\busina.ru\catalog\view\theme\busina\template\module\busina.tpl on line 56
2017-08-16 14:50:27 - PHP Notice:  Undefined index: cat_name in D:\OpenServer\domains\busina.ru\catalog\view\theme\busina\template\module\busina.tpl on line 58
2017-08-16 14:50:53 - PHP Notice:  Undefined index: href in D:\OpenServer\domains\busina.ru\catalog\view\theme\busina\template\module\busina.tpl on line 56
2017-08-16 14:50:53 - PHP Notice:  Undefined index: image in D:\OpenServer\domains\busina.ru\catalog\view\theme\busina\template\module\busina.tpl on line 57
2017-08-16 14:50:53 - PHP Notice:  Undefined index: name in D:\OpenServer\domains\busina.ru\catalog\view\theme\busina\template\module\busina.tpl on line 58
2017-08-16 14:51:18 - PHP Notice:  Undefined index: href in D:\OpenServer\domains\busina.ru\catalog\view\theme\busina\template\module\busina.tpl on line 56
2017-08-16 14:51:18 - PHP Notice:  Undefined index: image in D:\OpenServer\domains\busina.ru\catalog\view\theme\busina\template\module\busina.tpl on line 57
2017-08-16 14:51:18 - PHP Notice:  Undefined index: name in D:\OpenServer\domains\busina.ru\catalog\view\theme\busina\template\module\busina.tpl on line 58
